2024-07-23 11:01:33,949 INFO o.a.j.u.JMeterUtils: Setting Locale to en_EN
2024-07-23 11:01:33,961 INFO o.a.j.JMeter: Loading user properties from: /opt/jmeter/bin/user.properties
2024-07-23 11:01:33,962 INFO o.a.j.JMeter: Loading system properties from: /opt/jmeter/bin/system.properties
2024-07-23 11:01:33,965 INFO o.a.j.JMeter: Copyright (c) 1998-2024 The Apache Software Foundation
2024-07-23 11:01:33,965 INFO o.a.j.JMeter: Version 5.6.3
2024-07-23 11:01:33,966 INFO o.a.j.JMeter: java.version=11.0.16
2024-07-23 11:01:33,966 INFO o.a.j.JMeter: java.vm.name=OpenJDK 64-Bit Server VM
2024-07-23 11:01:33,966 INFO o.a.j.JMeter: os.name=Linux
2024-07-23 11:01:33,966 INFO o.a.j.JMeter: os.arch=aarch64
2024-07-23 11:01:33,966 INFO o.a.j.JMeter: os.version=6.6.32-linuxkit
2024-07-23 11:01:33,967 INFO o.a.j.JMeter: file.encoding=UTF-8
2024-07-23 11:01:33,967 INFO o.a.j.JMeter: java.awt.headless=true
2024-07-23 11:01:33,967 INFO o.a.j.JMeter: Max memory     =1073741824
2024-07-23 11:01:33,967 INFO o.a.j.JMeter: Available Processors =10
2024-07-23 11:01:33,971 INFO o.a.j.JMeter: Default Locale=English (EN)
2024-07-23 11:01:33,971 INFO o.a.j.JMeter: JMeter  Locale=English (EN)
2024-07-23 11:01:33,972 INFO o.a.j.JMeter: JMeterHome=/opt/jmeter
2024-07-23 11:01:33,972 INFO o.a.j.JMeter: user.dir  =/jmeter
2024-07-23 11:01:33,972 INFO o.a.j.JMeter: PWD       =/jmeter
2024-07-23 11:01:33,972 INFO o.a.j.JMeter: IP: 172.21.0.2 Name: f6b11bd94f9d FullName: f6b11bd94f9d
2024-07-23 11:01:33,980 INFO o.a.j.s.FileServer: Default base='/jmeter'
2024-07-23 11:01:33,981 INFO o.a.j.s.FileServer: Set new base='/jmeter'
2024-07-23 11:01:34,066 INFO o.a.j.s.SaveService: Testplan (JMX) version: 2.2. Testlog (JTL) version: 2.2
2024-07-23 11:01:34,191 INFO o.a.j.s.SaveService: Using SaveService properties version 5.0
2024-07-23 11:01:34,197 INFO o.a.j.s.SaveService: Using SaveService properties file encoding UTF-8
2024-07-23 11:01:34,199 INFO o.a.j.s.SaveService: Loading file: movies_test_plan.jmx
2024-07-23 11:01:34,238 INFO o.a.j.JMeter: Creating summariser <summary>
2024-07-23 11:01:34,244 INFO o.a.j.e.StandardJMeterEngine: Running the test!
2024-07-23 11:01:34,245 INFO o.a.j.s.SampleEvent: List of sample_variables: []
2024-07-23 11:01:34,250 INFO o.a.j.s.SampleEvent: List of sample_variables: []
2024-07-23 11:01:34,258 INFO o.a.j.e.u.CompoundVariable: Note: Function class names must contain the string: '.functions.'
2024-07-23 11:01:34,260 INFO o.a.j.e.u.CompoundVariable: Note: Function class names must not contain the string: '.gui.'
2024-07-23 11:01:34,530 INFO o.a.j.JMeter: Running test (1721732494530)
2024-07-23 11:01:34,543 INFO o.a.j.e.StandardJMeterEngine: Starting ThreadGroup: 1 : Thread Group
2024-07-23 11:01:34,545 INFO o.a.j.e.StandardJMeterEngine: Starting 1 threads for group Thread Group.
2024-07-23 11:01:34,545 INFO o.a.j.e.StandardJMeterEngine: Thread will continue on error
2024-07-23 11:01:34,545 INFO o.a.j.t.ThreadGroup: Starting thread group... number=1 threads=1 ramp-up=1 delayedStart=false
2024-07-23 11:01:34,548 INFO o.a.j.t.ThreadGroup: Started thread group number 1
2024-07-23 11:01:34,551 INFO o.a.j.e.StandardJMeterEngine: All thread groups have been started
2024-07-23 11:01:34,552 INFO o.a.j.t.JMeterThread: Thread started: Thread Group 1-1
2024-07-23 11:01:34,562 INFO o.a.j.s.SampleResult: Note: Sample TimeStamps are START times
2024-07-23 11:01:34,562 INFO o.a.j.s.SampleResult: sampleresult.default.encoding is set to UTF-8
2024-07-23 11:01:34,562 INFO o.a.j.s.SampleResult: sampleresult.useNanoTime=true
2024-07-23 11:01:34,563 INFO o.a.j.s.SampleResult: sampleresult.nanoThreadSleep=5000
2024-07-23 11:01:34,676 INFO o.a.j.r.Summariser: summary +      1 in 00:00:00 =    6.9/s Avg:   110 Min:   110 Max:   110 Err:     0 (0.00%) Active: 1 Started: 1 Finished: 0
2024-07-23 11:01:34,676 INFO o.a.j.t.JMeterThread: Thread is done: Thread Group 1-1
2024-07-23 11:01:34,677 INFO o.a.j.t.JMeterThread: Thread finished: Thread Group 1-1
2024-07-23 11:01:34,677 INFO o.a.j.e.StandardJMeterEngine: Notifying test listeners of end of test
2024-07-23 11:01:34,895 INFO o.a.j.r.Summariser: summary =      1 in 00:00:00 =    2.7/s Avg:   110 Min:   110 Max:   110 Err:     0 (0.00%)
